<?xml version="1.0" encoding="UTF-8"?>
<!-- Generated by org.testng.reporters.JUnitReportReporter -->
<testsuite hostname="tharuns-MacBook-Air.local" failures="0" tests="4" name="testcases.testProducts" time="5.048" errors="0" timestamp="2025-09-08T10:45:50 IST" skipped="0">
  <testcase classname="testcases.testProducts" name="testFilterLowToHigh" time="1.773"/>
  <testcase classname="testcases.testProducts" name="testAddSingleProduct" time="0.532"/>
  <testcase classname="testcases.testProducts" name="testAddMultipleProducts" time="1.961"/>
  <testcase classname="testcases.testProducts" name="testProductDetails" time="0.782"/>
</testsuite> <!-- testcases.testProducts -->
