<?xml version="1.0" encoding="UTF-8"?>
<!-- Generated by org.testng.reporters.JUnitReportReporter -->
<testsuite hostname="tharuns-MacBook-Air.local" failures="0" tests="1" name="testRunner.TestRunner" time="23.602" errors="0" timestamp="2025-09-08T11:07:02 IST" skipped="0">
  <testcase classname="testRunner.TestRunner" name="runScenario" time="23.602"/>
</testsuite> <!-- testRunner.TestRunner -->
