<?xml version="1.0" encoding="UTF-8"?>
<!-- Generated by org.testng.reporters.JUnitReportReporter -->
<testsuite hostname="tharuns-MacBook-Air.local" failures="0" tests="3" name="testcases.testAuthentication" time="9.921" errors="0" timestamp="2025-09-08T10:45:50 IST" skipped="0">
  <testcase classname="testcases.testAuthentication" name="testInvalidPasswordLogin" time="5.643"/>
  <testcase classname="testcases.testAuthentication" name="testInvalidUsernameLogin" time="2.028"/>
  <testcase classname="testcases.testAuthentication" name="testValidUserLogin" time="2.250"/>
</testsuite> <!-- testcases.testAuthentication -->
