<?xml version="1.0" encoding="UTF-8"?>
<!-- Generated by org.testng.reporters.JUnitReportReporter -->
<testsuite hostname="tharuns-MacBook-Air.local" failures="0" tests="4" name="testcases.testCheckOut" time="3.896" errors="0" timestamp="2025-09-08T10:45:50 IST" skipped="0">
  <testcase classname="testcases.testCheckOut" name="testMandatoryFieldsValidation" time="1.045"/>
  <testcase classname="testcases.testCheckOut" name="testValidCheckoutNavigatesToOverview" time="2.283"/>
  <testcase classname="testcases.testCheckOut" name="testItemDetailsOnOverview" time="0.134"/>
  <testcase classname="testcases.testCheckOut" name="testCheckoutCompletion" time="0.434"/>
</testsuite> <!-- testcases.testCheckOut -->
