<?xml version="1.0" encoding="UTF-8"?>
<!-- Generated by org.testng.reporters.JUnitReportReporter -->
<testsuite hostname="tharuns-MacBook-Air.local" failures="0" tests="4" name="testcases.testCart" time="1.156" errors="0" timestamp="2025-09-08T10:45:50 IST" skipped="0">
  <testcase classname="testcases.testCart" name="testCartPageUrl" time="0.010"/>
  <testcase classname="testcases.testCart" name="testRemoveProduct" time="0.171"/>
  <testcase classname="testcases.testCart" name="testContinueShoppingButton" time="0.424"/>
  <testcase classname="testcases.testCart" name="testCheckOutButton" time="0.551"/>
</testsuite> <!-- testcases.testCart -->
